<?xml version="1.0" encoding="UTF-8"?>
<!-- Generated by org.testng.reporters.JUnitReportReporter -->
<testsuite hostname="LAPTOP-OH5ER23C" failures="0" tests="1" name="testcase.TestCase_004" time="60.759" errors="0" timestamp="2023-04-27T11:30:41 ICT" skipped="0">
  <testcase classname="testcase.TestCase_004" name="handlingHybridApps" time="60.759"/>
  <system-out/>
</testsuite> <!-- testcase.TestCase_004 -->
