<?xml version="1.0" encoding="UTF-8"?>
<!-- Generated by org.testng.reporters.JUnitReportReporter -->
<testsuite hostname="LAPTOP-OH5ER23C" failures="0" tests="1" name="testcase.TestCase_003" time="52.201" errors="0" timestamp="2023-04-27T11:23:16 ICT" skipped="0">
  <testcase classname="testcase.TestCase_003" name="checkoutItem" time="52.201"/>
  <system-out/>
</testsuite> <!-- testcase.TestCase_003 -->
