<?xml version="1.0" encoding="UTF-8"?>
<!-- Generated by org.testng.reporters.JUnitReportReporter -->
<testsuite hostname="LAPTOP-OH5ER23C" failures="0" tests="1" name="testcase.TestCase_001" time="52.996" errors="0" timestamp="2023-04-27T11:09:30 ICT" skipped="0">
  <testcase classname="testcase.TestCase_001" name="checkoutItem" time="52.996"/>
  <system-out/>
</testsuite> <!-- testcase.TestCase_001 -->
